<?xml version="1.0" encoding="UTF-8"?>
<testsuite name="org.springframework.expression.spel.StandardTypeComparatorTests" tests="6" skipped="0" failures="0" errors="0" timestamp="2022-12-26T13:57:53" hostname="wuhengdeMacBook-Pro.local" time="0.01">
  <properties/>
  <testcase name="testObjects()" classname="org.springframework.expression.spel.StandardTypeComparatorTests" time="0.005"/>
  <testcase name="testPrimitives()" classname="org.springframework.expression.spel.StandardTypeComparatorTests" time="0.001"/>
  <testcase name="testNonPrimitiveNumbers()" classname="org.springframework.expression.spel.StandardTypeComparatorTests" time="0.001"/>
  <testcase name="testNulls()" classname="org.springframework.expression.spel.StandardTypeComparatorTests" time="0.001"/>
  <testcase name="testCanCompare()" classname="org.springframework.expression.spel.StandardTypeComparatorTests" time="0.001"/>
  <testcase name="shouldUseCustomComparator()" classname="org.springframework.expression.spel.StandardTypeComparatorTests" time="0.001"/>
  <system-out><![CDATA[]]></system-out>
  <system-err><![CDATA[]]></system-err>
</testsuite>
