<?xml version="1.0" encoding="UTF-8"?>
<testsuite name="org.springframework.expression.spel.EvaluationTests$MethodConstructorAndFunctionInvocationTests" tests="4" skipped="0" failures="0" errors="0" timestamp="2022-12-26T13:57:37" hostname="wuhengdeMacBook-Pro.local" time="0.018">
  <properties/>
  <testcase name="methodCallWithRootReferenceThroughParameter()" classname="org.springframework.expression.spel.EvaluationTests$MethodConstructorAndFunctionInvocationTests" time="0.004"/>
  <testcase name="fnCallWithRootReferenceThroughParameter()" classname="org.springframework.expression.spel.EvaluationTests$MethodConstructorAndFunctionInvocationTests" time="0.002"/>
  <testcase name="ctorCallWithRootReferenceThroughParameter()" classname="org.springframework.expression.spel.EvaluationTests$MethodConstructorAndFunctionInvocationTests" time="0.004"/>
  <testcase name="methodCallWithRootReferenceThroughParameterThatIsAFunctionCall()" classname="org.springframework.expression.spel.EvaluationTests$MethodConstructorAndFunctionInvocationTests" time="0.001"/>
  <system-out><![CDATA[]]></system-out>
  <system-err><![CDATA[]]></system-err>
</testsuite>
