<?xml version="1.0" encoding="UTF-8"?>
<testsuite name="org.springframework.expression.spel.BooleanExpressionTests" tests="9" skipped="0" failures="0" errors="0" timestamp="2022-12-26T13:57:33" hostname="wuhengdeMacBook-Pro.local" time="0.044">
  <properties/>
  <testcase name="testAnd()" classname="org.springframework.expression.spel.BooleanExpressionTests" time="0.002"/>
  <testcase name="testNot()" classname="org.springframework.expression.spel.BooleanExpressionTests" time="0.002"/>
  <testcase name="testCombinations01()" classname="org.springframework.expression.spel.BooleanExpressionTests" time="0.005"/>
  <testcase name="testOr()" classname="org.springframework.expression.spel.BooleanExpressionTests" time="0.005"/>
  <testcase name="testBooleanFalse()" classname="org.springframework.expression.spel.BooleanExpressionTests" time="0.001"/>
  <testcase name="testBooleanErrors01()" classname="org.springframework.expression.spel.BooleanExpressionTests" time="0.006"/>
  <testcase name="testConvertAndHandleNull()" classname="org.springframework.expression.spel.BooleanExpressionTests" time="0.005"/>
  <testcase name="testBooleanTrue()" classname="org.springframework.expression.spel.BooleanExpressionTests" time="0.001"/>
  <testcase name="testWritability()" classname="org.springframework.expression.spel.BooleanExpressionTests" time="0.002"/>
  <system-out><![CDATA[]]></system-out>
  <system-err><![CDATA[]]></system-err>
</testsuite>
