<?xml version="1.0" encoding="UTF-8"?>
<testsuite name="org.springframework.expression.spel.EvaluationTests$VariableAndFunctionAccessTests" tests="2" skipped="0" failures="0" errors="0" timestamp="2022-12-26T13:57:37" hostname="wuhengdeMacBook-Pro.local" time="0.004">
  <properties/>
  <testcase name="functionAccess()" classname="org.springframework.expression.spel.EvaluationTests$VariableAndFunctionAccessTests" time="0.002"/>
  <testcase name="variableAccess()" classname="org.springframework.expression.spel.EvaluationTests$VariableAndFunctionAccessTests" time="0.001"/>
  <system-out><![CDATA[]]></system-out>
  <system-err><![CDATA[]]></system-err>
</testsuite>
