<?xml version="1.0" encoding="UTF-8"?>
<testsuite name="org.springframework.expression.spel.EvaluationTests$MiscellaneousTests" tests="22" skipped="0" failures="0" errors="0" timestamp="2022-12-26T13:57:38" hostname="wuhengdeMacBook-Pro.local" time="1.023">
  <properties/>
  <testcase name="numbers()" classname="org.springframework.expression.spel.EvaluationTests$MiscellaneousTests" time="0.012"/>
  <testcase name="safeNavigation()" classname="org.springframework.expression.spel.EvaluationTests$MiscellaneousTests" time="0.004"/>
  <testcase name="collectionGrowingViaIndexer()" classname="org.springframework.expression.spel.EvaluationTests$MiscellaneousTests" time="0.063"/>
  <testcase name="customMethodFilter()" classname="org.springframework.expression.spel.EvaluationTests$MiscellaneousTests" time="0.003"/>
  <testcase name="stringType()" classname="org.springframework.expression.spel.EvaluationTests$MiscellaneousTests" time="0.007"/>
  <testcase name="elvisOperator()" classname="org.springframework.expression.spel.EvaluationTests$MiscellaneousTests" time="0.001"/>
  <testcase name="initializingCollectionElementsOnWrite()" classname="org.springframework.expression.spel.EvaluationTests$MiscellaneousTests" time="0.165"/>
  <testcase name="assignmentToVariables()" classname="org.springframework.expression.spel.EvaluationTests$MiscellaneousTests" time="0.004"/>
  <testcase name="comparison()" classname="org.springframework.expression.spel.EvaluationTests$MiscellaneousTests" time="0.006"/>
  <testcase name="indexer03()" classname="org.springframework.expression.spel.EvaluationTests$MiscellaneousTests" time="0.001"/>
  <testcase name="advancedNumerics()" classname="org.springframework.expression.spel.EvaluationTests$MiscellaneousTests" time="0.002"/>
  <testcase name="createMapsOnAttemptToIndexNull()" classname="org.springframework.expression.spel.EvaluationTests$MiscellaneousTests" time="0.048"/>
  <testcase name="createObjectsOnAttemptToReferenceNull()" classname="org.springframework.expression.spel.EvaluationTests$MiscellaneousTests" time="0.024"/>
  <testcase name="resolvingList()" classname="org.springframework.expression.spel.EvaluationTests$MiscellaneousTests" time="0.016"/>
  <testcase name="mixingOperators()" classname="org.springframework.expression.spel.EvaluationTests$MiscellaneousTests" time="0.003"/>
  <testcase name="createListsOnAttemptToIndexNull01()" classname="org.springframework.expression.spel.EvaluationTests$MiscellaneousTests" time="0.005"/>
  <testcase name="caseInsensitiveNullLiterals()" classname="org.springframework.expression.spel.EvaluationTests$MiscellaneousTests" time="0.001"/>
  <testcase name="matchesWithPatternAccessThreshold()" classname="org.springframework.expression.spel.EvaluationTests$MiscellaneousTests" time="0.567"/>
  <testcase name="limitCollectionGrowing()" classname="org.springframework.expression.spel.EvaluationTests$MiscellaneousTests" time="0.014"/>
  <testcase name="resolvingString()" classname="org.springframework.expression.spel.EvaluationTests$MiscellaneousTests" time="0.005"/>
  <testcase name="indexerError()" classname="org.springframework.expression.spel.EvaluationTests$MiscellaneousTests" time="0.004"/>
  <testcase name="operatorVariants()" classname="org.springframework.expression.spel.EvaluationTests$MiscellaneousTests" time="0.001"/>
  <system-out><![CDATA[]]></system-out>
  <system-err><![CDATA[]]></system-err>
</testsuite>
