<?xml version="1.0" encoding="UTF-8"?>
<testsuite name="org.springframework.expression.spel.SelectionAndProjectionTests" tests="20" skipped="0" failures="0" errors="0" timestamp="2022-12-26T13:57:43" hostname="wuhengdeMacBook-Pro.local" time="0.086">
  <properties/>
  <testcase name="selectionWithArray()" classname="org.springframework.expression.spel.SelectionAndProjectionTests" time="0.001"/>
  <testcase name="projectionWithSet()" classname="org.springframework.expression.spel.SelectionAndProjectionTests" time="0.012"/>
  <testcase name="selectionWithIterable()" classname="org.springframework.expression.spel.SelectionAndProjectionTests" time="0.009"/>
  <testcase name="selectLastItemInPrimitiveArray()" classname="org.springframework.expression.spel.SelectionAndProjectionTests" time="0.001"/>
  <testcase name="selectFirstItemInList()" classname="org.springframework.expression.spel.SelectionAndProjectionTests" time="0.001"/>
  <testcase name="selectLastItemInList()" classname="org.springframework.expression.spel.SelectionAndProjectionTests" time="0.001"/>
  <testcase name="projectionWithArray()" classname="org.springframework.expression.spel.SelectionAndProjectionTests" time="0.001"/>
  <testcase name="projectionWithIterable()" classname="org.springframework.expression.spel.SelectionAndProjectionTests" time="0.001"/>
  <testcase name="projectionWithList()" classname="org.springframework.expression.spel.SelectionAndProjectionTests" time="0.001"/>
  <testcase name="selectFirstItemInPrimitiveArray()" classname="org.springframework.expression.spel.SelectionAndProjectionTests" time="0.001"/>
  <testcase name="selectFirstItemInArray()" classname="org.springframework.expression.spel.SelectionAndProjectionTests" time="0.003"/>
  <testcase name="selectionWithPrimitiveArray()" classname="org.springframework.expression.spel.SelectionAndProjectionTests" time="0.001"/>
  <testcase name="selectLastItemInMap()" classname="org.springframework.expression.spel.SelectionAndProjectionTests" time="0.002"/>
  <testcase name="selectLastItemInSet()" classname="org.springframework.expression.spel.SelectionAndProjectionTests" time="0.001"/>
  <testcase name="selectLastItemInArray()" classname="org.springframework.expression.spel.SelectionAndProjectionTests" time="0.001"/>
  <testcase name="selectionWithMap()" classname="org.springframework.expression.spel.SelectionAndProjectionTests" time="0.017"/>
  <testcase name="selectionWithSet()" classname="org.springframework.expression.spel.SelectionAndProjectionTests" time="0.001"/>
  <testcase name="selectFirstItemInMap()" classname="org.springframework.expression.spel.SelectionAndProjectionTests" time="0.001"/>
  <testcase name="selectFirstItemInSet()" classname="org.springframework.expression.spel.SelectionAndProjectionTests" time="0.009"/>
  <testcase name="selectionWithList()" classname="org.springframework.expression.spel.SelectionAndProjectionTests" time="0.001"/>
  <system-out><![CDATA[]]></system-out>
  <system-err><![CDATA[]]></system-err>
</testsuite>
