<?xml version="1.0" encoding="UTF-8"?>
<testsuite name="org.springframework.expression.spel.EvaluationTests$MethodAndConstructorTests" tests="5" skipped="0" failures="0" errors="0" timestamp="2022-12-26T13:57:38" hostname="wuhengdeMacBook-Pro.local" time="0.065">
  <properties/>
  <testcase name="methods01()" classname="org.springframework.expression.spel.EvaluationTests$MethodAndConstructorTests" time="0.006"/>
  <testcase name="methods02()" classname="org.springframework.expression.spel.EvaluationTests$MethodAndConstructorTests" time="0.002"/>
  <testcase name="constructorInvocation01()" classname="org.springframework.expression.spel.EvaluationTests$MethodAndConstructorTests" time="0.013"/>
  <testcase name="constructorInvocation05()" classname="org.springframework.expression.spel.EvaluationTests$MethodAndConstructorTests" time="0.001"/>
  <testcase name="constructorInvocation06()" classname="org.springframework.expression.spel.EvaluationTests$MethodAndConstructorTests" time="0.001"/>
  <system-out><![CDATA[]]></system-out>
  <system-err><![CDATA[]]></system-err>
</testsuite>
