<?xml version="1.0" encoding="UTF-8"?>
<testsuite name="org.springframework.expression.spel.IndexingTests" tests="23" skipped="0" failures="0" errors="0" timestamp="2022-12-26T13:57:40" hostname="wuhengdeMacBook-Pro.local" time="0.288">
  <properties/>
  <testcase name="indexIntoPropertyContainingList()" classname="org.springframework.expression.spel.IndexingTests" time="0.001"/>
  <testcase name="resolveCollectionElementTypeNull()" classname="org.springframework.expression.spel.IndexingTests" time="0.001"/>
  <testcase name="emptyList()" classname="org.springframework.expression.spel.IndexingTests" time="0.001"/>
  <testcase name="resolveCollectionElementType()" classname="org.springframework.expression.spel.IndexingTests" time="0.0"/>
  <testcase name="setPropertyContainingMapAutoGrow()" classname="org.springframework.expression.spel.IndexingTests" time="0.002"/>
  <testcase name="indexIntoGenericPropertyContainingMapObject()" classname="org.springframework.expression.spel.IndexingTests" time="0.091"/>
  <testcase name="indexIntoPropertyContainingListOfList()" classname="org.springframework.expression.spel.IndexingTests" time="0.014"/>
  <testcase name="indexIntoGenericPropertyContainingArray()" classname="org.springframework.expression.spel.IndexingTests" time="0.003"/>
  <testcase name="indexIntoGenericPropertyContainingList()" classname="org.springframework.expression.spel.IndexingTests" time="0.002"/>
  <testcase name="indexIntoGenericPropertyContainingGrowingList2()" classname="org.springframework.expression.spel.IndexingTests" time="0.002"/>
  <testcase name="indexIntoGenericPropertyContainingMap()" classname="org.springframework.expression.spel.IndexingTests" time="0.001"/>
  <testcase name="setGenericPropertyContainingMap()" classname="org.springframework.expression.spel.IndexingTests" time="0.025"/>
  <testcase name="indexIntoPropertyContainingListContainingNullElement()" classname="org.springframework.expression.spel.IndexingTests" time="0.077"/>
  <testcase name="setPropertyContainingMap()" classname="org.springframework.expression.spel.IndexingTests" time="0.002"/>
  <testcase name="testListsOfMap()" classname="org.springframework.expression.spel.IndexingTests" time="0.01"/>
  <testcase name="testListOfScalar()" classname="org.springframework.expression.spel.IndexingTests" time="0.002"/>
  <testcase name="indexIntoGenericPropertyContainingGrowingList()" classname="org.springframework.expression.spel.IndexingTests" time="0.001"/>
  <testcase name="autoGrowListOfElementsWithoutDefaultConstructor()" classname="org.springframework.expression.spel.IndexingTests" time="0.002"/>
  <testcase name="resolveMapKeyValueTypes()" classname="org.springframework.expression.spel.IndexingTests" time="0.0"/>
  <testcase name="indexIntoGenericPropertyContainingNullList()" classname="org.springframework.expression.spel.IndexingTests" time="0.001"/>
  <testcase name="setPropertyContainingList()" classname="org.springframework.expression.spel.IndexingTests" time="0.001"/>
  <testcase name="setGenericPropertyContainingList()" classname="org.springframework.expression.spel.IndexingTests" time="0.002"/>
  <testcase name="setGenericPropertyContainingListAutogrow()" classname="org.springframework.expression.spel.IndexingTests" time="0.005"/>
  <system-out><![CDATA[]]></system-out>
  <system-err><![CDATA[]]></system-err>
</testsuite>
