<?xml version="1.0" encoding="UTF-8"?>
<testsuite name="org.springframework.expression.spel.MethodInvocationTests" tests="17" skipped="0" failures="0" errors="0" timestamp="2022-12-26T13:57:41" hostname="wuhengdeMacBook-Pro.local" time="0.528">
  <properties/>
  <testcase name="testNonExistentMethods()" classname="org.springframework.expression.spel.MethodInvocationTests" time="0.002"/>
  <testcase name="testMethodOfClass()" classname="org.springframework.expression.spel.MethodInvocationTests" time="0.028"/>
  <testcase name="testMethodFiltering_SPR6764()" classname="org.springframework.expression.spel.MethodInvocationTests" time="0.021"/>
  <testcase name="testArgumentConversion01()" classname="org.springframework.expression.spel.MethodInvocationTests" time="0.003"/>
  <testcase name="testAddingMethodResolvers()" classname="org.springframework.expression.spel.MethodInvocationTests" time="0.001"/>
  <testcase name="testMethodThrowingException_SPR6941_2()" classname="org.springframework.expression.spel.MethodInvocationTests" time="0.076"/>
  <testcase name="testMethodThrowingException_SPR6760()" classname="org.springframework.expression.spel.MethodInvocationTests" time="0.021"/>
  <testcase name="testMethodThrowingException_SPR6941()" classname="org.springframework.expression.spel.MethodInvocationTests" time="0.002"/>
  <testcase name="invokeMethodWithoutConversion()" classname="org.springframework.expression.spel.MethodInvocationTests" time="0.009"/>
  <testcase name="testInvocationOnNullContextObject()" classname="org.springframework.expression.spel.MethodInvocationTests" time="0.001"/>
  <testcase name="testVarargsInvocation01()" classname="org.springframework.expression.spel.MethodInvocationTests" time="0.028"/>
  <testcase name="testVarargsInvocation02()" classname="org.springframework.expression.spel.MethodInvocationTests" time="0.012"/>
  <testcase name="testVarargsInvocation03()" classname="org.springframework.expression.spel.MethodInvocationTests" time="0.035"/>
  <testcase name="testWidening01()" classname="org.springframework.expression.spel.MethodInvocationTests" time="0.082"/>
  <testcase name="testVarargsOptionalInvocation()" classname="org.springframework.expression.spel.MethodInvocationTests" time="0.031"/>
  <testcase name="testSimpleAccess01()" classname="org.springframework.expression.spel.MethodInvocationTests" time="0.002"/>
  <testcase name="testStringClass()" classname="org.springframework.expression.spel.MethodInvocationTests" time="0.009"/>
  <system-out><![CDATA[]]></system-out>
  <system-err><![CDATA[]]></system-err>
</testsuite>
