<?xml version="1.0" encoding="UTF-8"?>
<testsuite name="org.springframework.expression.spel.ExpressionWithConversionTests" tests="4" skipped="0" failures="0" errors="0" timestamp="2022-12-26T13:57:39" hostname="wuhengdeMacBook-Pro.local" time="0.171">
  <properties/>
  <testcase name="testConversionsAvailable()" classname="org.springframework.expression.spel.ExpressionWithConversionTests" time="0.113"/>
  <testcase name="testConvert()" classname="org.springframework.expression.spel.ExpressionWithConversionTests" time="0.004"/>
  <testcase name="testSetParameterizedList()" classname="org.springframework.expression.spel.ExpressionWithConversionTests" time="0.043"/>
  <testcase name="testCoercionToCollectionOfPrimitive()" classname="org.springframework.expression.spel.ExpressionWithConversionTests" time="0.007"/>
  <system-out><![CDATA[]]></system-out>
  <system-err><![CDATA[]]></system-err>
</testsuite>
