<?xml version="1.0" encoding="UTF-8"?>
<testsuite name="org.springframework.expression.spel.ast.FormatHelperTests" tests="2" skipped="0" failures="0" errors="0" timestamp="2022-12-26T13:57:53" hostname="wuhengdeMacBook-Pro.local" time="0.004">
  <properties/>
  <testcase name="formatMethodWithMultipleArgumentsForMessage()" classname="org.springframework.expression.spel.ast.FormatHelperTests" time="0.002"/>
  <testcase name="formatMethodWithSingleArgumentForMessage()" classname="org.springframework.expression.spel.ast.FormatHelperTests" time="0.001"/>
  <system-out><![CDATA[]]></system-out>
  <system-err><![CDATA[]]></system-err>
</testsuite>
