<?xml version="1.0" encoding="UTF-8"?>
<testsuite name="org.springframework.expression.spel.CachedMethodExecutorTests" tests="2" skipped="0" failures="0" errors="0" timestamp="2022-12-26T13:57:33" hostname="wuhengdeMacBook-Pro.local" time="0.162">
  <properties/>
  <testcase name="testCachedExecutionForTarget()" classname="org.springframework.expression.spel.CachedMethodExecutorTests" time="0.158"/>
  <testcase name="testCachedExecutionForParameters()" classname="org.springframework.expression.spel.CachedMethodExecutorTests" time="0.003"/>
  <system-out><![CDATA[]]></system-out>
  <system-err><![CDATA[]]></system-err>
</testsuite>
