<?xml version="1.0" encoding="UTF-8"?>
<testsuite name="org.springframework.expression.spel.PropertyAccessTests" tests="19" skipped="0" failures="0" errors="0" timestamp="2022-12-26T13:57:42" hostname="wuhengdeMacBook-Pro.local" time="0.236">
  <properties/>
  <testcase name="simpleAccess01()" classname="org.springframework.expression.spel.PropertyAccessTests" time="0.003"/>
  <testcase name="simpleAccess02()" classname="org.springframework.expression.spel.PropertyAccessTests" time="0.002"/>
  <testcase name="simpleAccess03()" classname="org.springframework.expression.spel.PropertyAccessTests" time="0.001"/>
  <testcase name="propertyReadOnlyWithRecordStyle()" classname="org.springframework.expression.spel.PropertyAccessTests" time="0.006"/>
  <testcase name="propertyReadOnly()" classname="org.springframework.expression.spel.PropertyAccessTests" time="0.002"/>
  <testcase name="accessingPropertyOfClass()" classname="org.springframework.expression.spel.PropertyAccessTests" time="0.003"/>
  <testcase name="propertyAccessWithoutMethodResolver()" classname="org.springframework.expression.spel.PropertyAccessTests" time="0.002"/>
  <testcase name="propertyAccessWithInstanceMethodResolverAndTypedRootObject()" classname="org.springframework.expression.spel.PropertyAccessTests" time="0.006"/>
  <testcase name="propertyReadWriteWithRootObject()" classname="org.springframework.expression.spel.PropertyAccessTests" time="0.001"/>
  <testcase name="shouldAlwaysUsePropertyAccessorFromEvaluationContext()" classname="org.springframework.expression.spel.PropertyAccessTests" time="0.002"/>
  <testcase name="accessingOnNullObject()" classname="org.springframework.expression.spel.PropertyAccessTests" time="0.009"/>
  <testcase name="propertyReadWrite()" classname="org.springframework.expression.spel.PropertyAccessTests" time="0.0"/>
  <testcase name="noGetClassAccess()" classname="org.springframework.expression.spel.PropertyAccessTests" time="0.001"/>
  <testcase name="propertyAccessWithInstanceMethodResolver()" classname="org.springframework.expression.spel.PropertyAccessTests" time="0.001"/>
  <testcase name="addingSpecificPropertyAccessor()" classname="org.springframework.expression.spel.PropertyAccessTests" time="0.009"/>
  <testcase name="propertyAccessWithArrayIndexOutOfBounds()" classname="org.springframework.expression.spel.PropertyAccessTests" time="0.002"/>
  <testcase name="addingAndRemovingAccessors()" classname="org.springframework.expression.spel.PropertyAccessTests" time="0.0"/>
  <testcase name="nonExistentPropertiesAndMethods()" classname="org.springframework.expression.spel.PropertyAccessTests" time="0.005"/>
  <testcase name="standardGetClassAccess()" classname="org.springframework.expression.spel.PropertyAccessTests" time="0.001"/>
  <system-out><![CDATA[]]></system-out>
  <system-err><![CDATA[]]></system-err>
</testsuite>
