<?xml version="1.0" encoding="UTF-8"?>
<testsuite name="org.springframework.expression.spel.ComparatorTests" tests="6" skipped="0" failures="0" errors="0" timestamp="2022-12-26T13:57:34" hostname="wuhengdeMacBook-Pro.local" time="0.014">
  <properties/>
  <testcase name="testObjects()" classname="org.springframework.expression.spel.ComparatorTests" time="0.001"/>
  <testcase name="testPrimitives()" classname="org.springframework.expression.spel.ComparatorTests" time="0.001"/>
  <testcase name="testNonPrimitiveNumbers()" classname="org.springframework.expression.spel.ComparatorTests" time="0.003"/>
  <testcase name="testNulls()" classname="org.springframework.expression.spel.ComparatorTests" time="0.002"/>
  <testcase name="testCanCompare()" classname="org.springframework.expression.spel.ComparatorTests" time="0.001"/>
  <testcase name="customComparatorWorksWithEquality()" classname="org.springframework.expression.spel.ComparatorTests" time="0.001"/>
  <system-out><![CDATA[]]></system-out>
  <system-err><![CDATA[]]></system-err>
</testsuite>
