<?xml version="1.0" encoding="UTF-8"?>
<testsuite name="org.springframework.expression.spel.EvaluationTests$RelationalOperatorTests" tests="14" skipped="0" failures="0" errors="0" timestamp="2022-12-26T13:57:38" hostname="wuhengdeMacBook-Pro.local" time="0.499">
  <properties/>
  <testcase name="relOperatorGT()" classname="org.springframework.expression.spel.EvaluationTests$RelationalOperatorTests" time="0.0"/>
  <testcase name="relOperatorLE()" classname="org.springframework.expression.spel.EvaluationTests$RelationalOperatorTests" time="0.006"/>
  <testcase name="relOperatorLT()" classname="org.springframework.expression.spel.EvaluationTests$RelationalOperatorTests" time="0.021"/>
  <testcase name="relOperatorGE01()" classname="org.springframework.expression.spel.EvaluationTests$RelationalOperatorTests" time="0.007"/>
  <testcase name="relOperatorGE02()" classname="org.springframework.expression.spel.EvaluationTests$RelationalOperatorTests" time="0.001"/>
  <testcase name="relOperatorsMatches01()" classname="org.springframework.expression.spel.EvaluationTests$RelationalOperatorTests" time="0.001"/>
  <testcase name="relOperatorsMatches02()" classname="org.springframework.expression.spel.EvaluationTests$RelationalOperatorTests" time="0.001"/>
  <testcase name="relOperatorsMatches03()" classname="org.springframework.expression.spel.EvaluationTests$RelationalOperatorTests" time="0.002"/>
  <testcase name="relOperatorsMatches04()" classname="org.springframework.expression.spel.EvaluationTests$RelationalOperatorTests" time="0.001"/>
  <testcase name="relOperatorsMatches05()" classname="org.springframework.expression.spel.EvaluationTests$RelationalOperatorTests" time="0.066"/>
  <testcase name="relOperatorsInstanceof01()" classname="org.springframework.expression.spel.EvaluationTests$RelationalOperatorTests" time="0.039"/>
  <testcase name="relOperatorsInstanceof04()" classname="org.springframework.expression.spel.EvaluationTests$RelationalOperatorTests" time="0.049"/>
  <testcase name="relOperatorsInstanceof05()" classname="org.springframework.expression.spel.EvaluationTests$RelationalOperatorTests" time="0.116"/>
  <testcase name="relOperatorsInstanceof06()" classname="org.springframework.expression.spel.EvaluationTests$RelationalOperatorTests" time="0.012"/>
  <system-out><![CDATA[]]></system-out>
  <system-err><![CDATA[]]></system-err>
</testsuite>
